[debug] [2022-10-04T10:05:43.323Z] ----------------------------------------------------------------------
[debug] [2022-10-04T10:05:43.325Z] Command:       /home/pariah/.nvm/versions/node/v16.17.1/bin/node /usr/local/bin/firebase emulators:start --only functions
[debug] [2022-10-04T10:05:43.326Z] CLI Version:   11.11.0
[debug] [2022-10-04T10:05:43.326Z] Platform:      linux
[debug] [2022-10-04T10:05:43.326Z] Node Version:  v16.17.1
[debug] [2022-10-04T10:05:43.327Z] Time:          Tue Oct 04 2022 12:05:43 GMT+0200 (South Africa Standard Time)
[debug] [2022-10-04T10:05:43.327Z] ----------------------------------------------------------------------
[debug] 
[debug] [2022-10-04T10:05:43.401Z] > command requires scopes: ["email","openid","https://www.googleapis.com/auth/cloudplatformprojects.readonly","https://www.googleapis.com/auth/firebase","https://www.googleapis.com/auth/cloud-platform"]
[debug] [2022-10-04T10:05:43.402Z] > authorizing via signed-in user (swagammunition@gmail.com)
[info] i  emulators: Starting emulators: functions {"metadata":{"emulator":{"name":"hub"},"message":"Starting emulators: functions"}}
[debug] [2022-10-04T10:05:43.435Z] [hub] writing locator at /tmp/hub-meals-to-go-cd149.json
[warn] ⚠  functions: The following emulators are not running, calls to these services from the Functions emulator will affect production: auth, firestore, database, hosting, pubsub, storage, eventarc {"metadata":{"emulator":{"name":"functions"},"message":"The following emulators are not running, calls to these services from the Functions emulator will affect production: \u001b[1mauth, firestore, database, hosting, pubsub, storage, eventarc\u001b[22m"}}
[info] ✔  functions: Using node@16 from host. {"metadata":{"emulator":{"name":"functions"},"message":"Using node@16 from host."}}
[debug] [2022-10-04T10:05:43.481Z] defaultcredentials: writing to file /home/pariah/.config/firebase/swagammunition_gmail_com_application_default_credentials.json
[debug] [2022-10-04T10:05:43.484Z] Setting GAC to /home/pariah/.config/firebase/swagammunition_gmail_com_application_default_credentials.json {"metadata":{"emulator":{"name":"functions"},"message":"Setting GAC to /home/pariah/.config/firebase/swagammunition_gmail_com_application_default_credentials.json"}}
[debug] [2022-10-04T10:05:43.492Z] >>> [apiv2][query] GET https://firebase.googleapis.com/v1beta1/projects/meals-to-go-cd149/adminSdkConfig [none]
[debug] [2022-10-04T10:05:45.140Z] <<< [apiv2][status] GET https://firebase.googleapis.com/v1beta1/projects/meals-to-go-cd149/adminSdkConfig 200
[debug] [2022-10-04T10:05:45.141Z] <<< [apiv2][body] GET https://firebase.googleapis.com/v1beta1/projects/meals-to-go-cd149/adminSdkConfig {"projectId":"meals-to-go-cd149","storageBucket":"meals-to-go-cd149.appspot.com"}
[debug] [2022-10-04T10:05:45.166Z] Ignoring unsupported arg: auto_download {"metadata":{"emulator":{"name":"ui"},"message":"Ignoring unsupported arg: auto_download"}}
[debug] [2022-10-04T10:05:45.167Z] Ignoring unsupported arg: port {"metadata":{"emulator":{"name":"ui"},"message":"Ignoring unsupported arg: port"}}
[debug] [2022-10-04T10:05:45.167Z] Starting Emulator UI with command {"binary":"node","args":["/home/pariah/.cache/firebase/emulators/ui-v1.9.0/server/server.js"],"optionalArgs":[],"joinArgs":false} {"metadata":{"emulator":{"name":"ui"},"message":"Starting Emulator UI with command {\"binary\":\"node\",\"args\":[\"/home/pariah/.cache/firebase/emulators/ui-v1.9.0/server/server.js\"],\"optionalArgs\":[],\"joinArgs\":false}"}}
[info] i  ui: Emulator UI logging to ui-debug.log {"metadata":{"emulator":{"name":"ui"},"message":"Emulator UI logging to \u001b[1mui-debug.log\u001b[22m"}}
[debug] [2022-10-04T10:05:45.310Z] Web / API server started at 127.0.0.1:4000
 {"metadata":{"emulator":{"name":"ui"},"message":"Web / API server started at 127.0.0.1:4000\n"}}
[info] i  functions: Watching "/home/pariah/projects/MealsToGo/functions" for Cloud Functions... {"metadata":{"emulator":{"name":"functions"},"message":"Watching \"/home/pariah/projects/MealsToGo/functions\" for Cloud Functions..."}}
[debug] [2022-10-04T10:05:45.455Z] Validating nodejs source
[debug] [2022-10-04T10:05:47.502Z] > [functions] package.json contents: {
  "name": "functions",
  "description": "Cloud Functions for Firebase",
  "scripts": {
    "serve": "firebase emulators:start --only functions",
    "shell": "firebase functions:shell",
    "start": "npm run shell",
    "deploy": "firebase deploy --only functions",
    "logs": "firebase functions:log"
  },
  "engines": {
    "node": "16"
  },
  "main": "index.js",
  "dependencies": {
    "@googlemaps/google-maps-services-js": "^3.3.16",
    "firebase-admin": "^10.0.2",
    "firebase-functions": "^3.24.1"
  },
  "devDependencies": {
    "firebase-functions-test": "^0.2.0"
  },
  "private": true
}
[debug] [2022-10-04T10:05:47.503Z] Building nodejs source
[debug] [2022-10-04T10:05:47.503Z] Analyzing nodejs backend spec
[debug] [2022-10-04T10:05:47.505Z] Could not find functions.yaml. Must use http discovery
[debug] [2022-10-04T10:05:47.697Z] Serving at port 9005

[debug] [2022-10-04T10:05:47.809Z] Got response from /__/functions.yaml {"endpoints":{"geocode":{"platform":"gcfv1","httpsTrigger":{},"entryPoint":"geocode"},"nearbyPlaces":{"platform":"gcfv1","httpsTrigger":{},"entryPoint":"nearbyPlaces"}},"specVersion":"v1alpha1","requiredAPIs":[]}
[debug] [2022-10-04T10:05:47.824Z] shutdown requested via /__/quitquitquit

[info] ✔  functions: Loaded functions definitions from source: geocode, nearbyPlaces. {"metadata":{"emulator":{"name":"functions"},"message":"Loaded functions definitions from source: geocode, nearbyPlaces."}}
[info] ✔  functions[us-central1-geocode]: http function initialized (http://127.0.0.1:5001/meals-to-go-cd149/us-central1/geocode). {"metadata":{"emulator":{"name":"functions"},"message":"\u001b[1mhttp\u001b[22m function initialized (http://127.0.0.1:5001/meals-to-go-cd149/us-central1/geocode)."}}
[info] ✔  functions[us-central1-nearbyPlaces]: http function initialized (http://127.0.0.1:5001/meals-to-go-cd149/us-central1/nearbyPlaces). {"metadata":{"emulator":{"name":"functions"},"message":"\u001b[1mhttp\u001b[22m function initialized (http://127.0.0.1:5001/meals-to-go-cd149/us-central1/nearbyPlaces)."}}
[info] 
┌─────────────────────────────────────────────────────────────┐
│ ✔  All emulators ready! It is now safe to connect your app. │
│ i  View Emulator UI at http://127.0.0.1:4000                │
└─────────────────────────────────────────────────────────────┘

┌───────────┬────────────────┬─────────────────────────────────┐
│ Emulator  │ Host:Port      │ View in Emulator UI             │
├───────────┼────────────────┼─────────────────────────────────┤
│ Functions │ 127.0.0.1:5001 │ http://127.0.0.1:4000/functions │
└───────────┴────────────────┴─────────────────────────────────┘
  Emulator Hub running at 127.0.0.1:4400
  Other reserved ports: 4500

Issues? Report them at https://github.com/firebase/firebase-tools/issues and attach the *-debug.log files.
 
[debug] [2022-10-04T10:14:22.220Z] [work-queue] {"queueLength":1,"workRunningCount":0}
[debug] [2022-10-04T10:14:22.222Z] [work-queue] {"queueLength":0,"workRunningCount":1}
[debug] [2022-10-04T10:14:22.222Z] Accepted request GET /meals-to-go-cd149/us-central1/geocode?city=antwerp&mock=false --> us-central1-geocode
[debug] [2022-10-04T10:14:22.224Z] [functions] Runtime ready! Sending request! {"metadata":{"emulator":{"name":"functions"},"message":"[functions] Runtime ready! Sending request!"}}
[debug] [2022-10-04T10:14:22.235Z] [functions] Got req.url=/meals-to-go-cd149/us-central1/geocode?city=antwerp&mock=false, mapping to path=/?city=antwerp&mock=false {"metadata":{"emulator":{"name":"functions"},"message":"[functions] Got req.url=/meals-to-go-cd149/us-central1/geocode?city=antwerp&mock=false, mapping to path=/?city=antwerp&mock=false"}}
[info] i  functions: Loaded environment variables from .env. 
[debug] [2022-10-04T10:14:22.275Z] [worker-pool] addWorker(us-central1-geocode) {"metadata":{"emulator":{"name":"functions"},"message":"[worker-pool] addWorker(us-central1-geocode)"}}
[debug] [2022-10-04T10:14:22.276Z] [worker-pool] Adding worker with key us-central1-geocode, total=1 {"metadata":{"emulator":{"name":"functions"},"message":"[worker-pool] Adding worker with key us-central1-geocode, total=1"}}
[debug] [2022-10-04T10:14:23.819Z] [runtime-status] [4154] Resolved module firebase-admin {"declared":true,"installed":true,"version":"10.3.0","resolution":"/home/pariah/projects/MealsToGo/functions/node_modules/firebase-admin/lib/index.js"} {"metadata":{"emulator":{"name":"functions"},"function":{"name":"us-central1-geocode"},"extension":{},"message":"[runtime-status] [4154] Resolved module firebase-admin {\"declared\":true,\"installed\":true,\"version\":\"10.3.0\",\"resolution\":\"/home/pariah/projects/MealsToGo/functions/node_modules/firebase-admin/lib/index.js\"}"}}
[debug] [2022-10-04T10:14:23.821Z] [runtime-status] [4154] Resolved module firebase-functions {"declared":true,"installed":true,"version":"3.24.1","resolution":"/home/pariah/projects/MealsToGo/functions/node_modules/firebase-functions/lib/index.js"} {"metadata":{"emulator":{"name":"functions"},"function":{"name":"us-central1-geocode"},"extension":{},"message":"[runtime-status] [4154] Resolved module firebase-functions {\"declared\":true,\"installed\":true,\"version\":\"3.24.1\",\"resolution\":\"/home/pariah/projects/MealsToGo/functions/node_modules/firebase-functions/lib/index.js\"}"}}
[debug] [2022-10-04T10:14:23.827Z] [runtime-status] [4154] Outgoing network have been stubbed. [{"name":"http","status":"mocked"},{"name":"http","status":"mocked"},{"name":"https","status":"mocked"},{"name":"https","status":"mocked"},{"name":"net","status":"mocked"}] {"metadata":{"emulator":{"name":"functions"},"function":{"name":"us-central1-geocode"},"extension":{},"message":"[runtime-status] [4154] Outgoing network have been stubbed. [{\"name\":\"http\",\"status\":\"mocked\"},{\"name\":\"http\",\"status\":\"mocked\"},{\"name\":\"https\",\"status\":\"mocked\"},{\"name\":\"https\",\"status\":\"mocked\"},{\"name\":\"net\",\"status\":\"mocked\"}]"}}
[debug] [2022-10-04T10:14:23.830Z] [runtime-status] [4154] Resolved module firebase-functions {"declared":true,"installed":true,"version":"3.24.1","resolution":"/home/pariah/projects/MealsToGo/functions/node_modules/firebase-functions/lib/index.js"} {"metadata":{"emulator":{"name":"functions"},"function":{"name":"us-central1-geocode"},"extension":{},"message":"[runtime-status] [4154] Resolved module firebase-functions {\"declared\":true,\"installed\":true,\"version\":\"3.24.1\",\"resolution\":\"/home/pariah/projects/MealsToGo/functions/node_modules/firebase-functions/lib/index.js\"}"}}
[debug] [2022-10-04T10:14:23.926Z] [runtime-status] [4154] Checked functions.config() {"config":{}} {"metadata":{"emulator":{"name":"functions"},"function":{"name":"us-central1-geocode"},"extension":{},"message":"[runtime-status] [4154] Checked functions.config() {\"config\":{}}"}}
[debug] [2022-10-04T10:14:23.927Z] [runtime-status] [4154] firebase-functions has been stubbed. {"functionsResolution":{"declared":true,"installed":true,"version":"3.24.1","resolution":"/home/pariah/projects/MealsToGo/functions/node_modules/firebase-functions/lib/index.js"}} {"metadata":{"emulator":{"name":"functions"},"function":{"name":"us-central1-geocode"},"extension":{},"message":"[runtime-status] [4154] firebase-functions has been stubbed. {\"functionsResolution\":{\"declared\":true,\"installed\":true,\"version\":\"3.24.1\",\"resolution\":\"/home/pariah/projects/MealsToGo/functions/node_modules/firebase-functions/lib/index.js\"}}"}}
[debug] [2022-10-04T10:14:23.929Z] [runtime-status] [4154] Resolved module firebase-functions {"declared":true,"installed":true,"version":"3.24.1","resolution":"/home/pariah/projects/MealsToGo/functions/node_modules/firebase-functions/lib/index.js"} {"metadata":{"emulator":{"name":"functions"},"function":{"name":"us-central1-geocode"},"extension":{},"message":"[runtime-status] [4154] Resolved module firebase-functions {\"declared\":true,\"installed\":true,\"version\":\"3.24.1\",\"resolution\":\"/home/pariah/projects/MealsToGo/functions/node_modules/firebase-functions/lib/index.js\"}"}}
[debug] [2022-10-04T10:14:23.945Z] [runtime-status] [4154] Resolved module firebase-admin {"declared":true,"installed":true,"version":"10.3.0","resolution":"/home/pariah/projects/MealsToGo/functions/node_modules/firebase-admin/lib/index.js"} {"metadata":{"emulator":{"name":"functions"},"function":{"name":"us-central1-geocode"},"extension":{},"message":"[runtime-status] [4154] Resolved module firebase-admin {\"declared\":true,\"installed\":true,\"version\":\"10.3.0\",\"resolution\":\"/home/pariah/projects/MealsToGo/functions/node_modules/firebase-admin/lib/index.js\"}"}}
[debug] [2022-10-04T10:14:23.945Z] [runtime-status] [4154] Resolved module firebase-functions {"declared":true,"installed":true,"version":"3.24.1","resolution":"/home/pariah/projects/MealsToGo/functions/node_modules/firebase-functions/lib/index.js"} {"metadata":{"emulator":{"name":"functions"},"function":{"name":"us-central1-geocode"},"extension":{},"message":"[runtime-status] [4154] Resolved module firebase-functions {\"declared\":true,\"installed\":true,\"version\":\"3.24.1\",\"resolution\":\"/home/pariah/projects/MealsToGo/functions/node_modules/firebase-functions/lib/index.js\"}"}}
[debug] [2022-10-04T10:14:23.946Z] [runtime-status] [4154] firebase-admin has been stubbed. {"adminResolution":{"declared":true,"installed":true,"version":"10.3.0","resolution":"/home/pariah/projects/MealsToGo/functions/node_modules/firebase-admin/lib/index.js"}} {"metadata":{"emulator":{"name":"functions"},"function":{"name":"us-central1-geocode"},"extension":{},"message":"[runtime-status] [4154] firebase-admin has been stubbed. {\"adminResolution\":{\"declared\":true,\"installed\":true,\"version\":\"10.3.0\",\"resolution\":\"/home/pariah/projects/MealsToGo/functions/node_modules/firebase-admin/lib/index.js\"}}"}}
[debug] [2022-10-04T10:14:24.181Z] [runtime-status] [4154] Functions runtime initialized. {"cwd":"/home/pariah/projects/MealsToGo/functions","node_version":"16.17.1"} {"metadata":{"emulator":{"name":"functions"},"function":{"name":"us-central1-geocode"},"extension":{},"message":"[runtime-status] [4154] Functions runtime initialized. {\"cwd\":\"/home/pariah/projects/MealsToGo/functions\",\"node_version\":\"16.17.1\"}"}}
[debug] [2022-10-04T10:14:24.181Z] [runtime-status] [4154] Listening to port: /tmp/fire_emu_1365f88b1b798da8.sock {"metadata":{"emulator":{"name":"functions"},"function":{"name":"us-central1-geocode"},"extension":{},"message":"[runtime-status] [4154] Listening to port: /tmp/fire_emu_1365f88b1b798da8.sock"}}
[debug] [2022-10-04T10:14:24.234Z] [worker-pool] submitRequest(triggerId=us-central1-geocode) {"metadata":{"emulator":{"name":"functions"},"message":"[worker-pool] submitRequest(triggerId=us-central1-geocode)"}}
[debug] [2022-10-04T10:14:24.234Z] [worker-us-central1-geocode-c9a67884-b64b-47ab-92b3-78ee3e638937]: BUSY {"metadata":{"emulator":{"name":"functions"},"message":"[worker-us-central1-geocode-c9a67884-b64b-47ab-92b3-78ee3e638937]: BUSY"}}
[info] i  functions: Beginning execution of "geocode" {"metadata":{"emulator":{"name":"functions"},"function":{"name":"us-central1-geocode"},"extension":{},"message":"Beginning execution of \"geocode\""}}
[info] i  functions: Finished "geocode" in 733.3148ms {"metadata":{"emulator":{"name":"functions"},"function":{"name":"us-central1-geocode"},"extension":{},"message":"Finished \"geocode\" in 733.3148ms"}}
[debug] [2022-10-04T17:42:37.114Z] Received signal SIGHUP 1
[info]  
[info] i  emulators: Received SIGHUP for the first time. Starting a clean shutdown. 
[info] i  emulators: Please wait for a clean shutdown or send the SIGHUP signal again to stop right now. 
[debug] [2022-10-04T17:42:37.434Z] Error: write EIO
    at afterWriteDispatched (node:internal/stream_base_commons:160:15)
    at writeGeneric (node:internal/stream_base_commons:151:3)
    at WriteStream.Socket._writeGeneric (node:net:874:11)
    at WriteStream.Socket._write (node:net:886:8)
    at writeOrBuffer (node:internal/streams/writable:391:12)
    at _write (node:internal/streams/writable:332:10)
    at WriteStream.Writable.write (node:internal/streams/writable:336:10)
    at Console.log (/usr/local/lib/node_modules/firebase-tools/node_modules/winston/lib/winston/transports/console.js:79:23)
    at Console._write (/usr/local/lib/node_modules/firebase-tools/node_modules/winston-transport/index.js:103:17)
    at doWrite (/usr/local/lib/node_modules/firebase-tools/node_modules/winston-transport/node_modules/readable-stream/lib/_stream_writable.js:428:64)
    at writeOrBuffer (/usr/local/lib/node_modules/firebase-tools/node_modules/winston-transport/node_modules/readable-stream/lib/_stream_writable.js:417:5)
    at Console.Writable.write (/usr/local/lib/node_modules/firebase-tools/node_modules/winston-transport/node_modules/readable-stream/lib/_stream_writable.js:334:11)
    at DerivedLogger.ondata (/usr/local/lib/node_modules/firebase-tools/node_modules/readable-stream/lib/_stream_readable.js:681:20)
    at DerivedLogger.emit (node:events:525:35)
    at DerivedLogger.emit (node:domain:489:12)
    at addChunk (/usr/local/lib/node_modules/firebase-tools/node_modules/readable-stream/lib/_stream_readable.js:298:12)
[error] 
[error] Error: An unexpected error has occurred.
[debug] [2022-10-04T17:42:37.456Z] Error: write EIO
    at afterWriteDispatched (node:internal/stream_base_commons:160:15)
    at writeGeneric (node:internal/stream_base_commons:151:3)
    at WriteStream.Socket._writeGeneric (node:net:874:11)
    at WriteStream.Socket._write (node:net:886:8)
    at writeOrBuffer (node:internal/streams/writable:391:12)
    at _write (node:internal/streams/writable:332:10)
    at WriteStream.Writable.write (node:internal/streams/writable:336:10)
    at Console.log (/usr/local/lib/node_modules/firebase-tools/node_modules/winston/lib/winston/transports/console.js:79:23)
    at Console._write (/usr/local/lib/node_modules/firebase-tools/node_modules/winston-transport/index.js:103:17)
    at doWrite (/usr/local/lib/node_modules/firebase-tools/node_modules/winston-transport/node_modules/readable-stream/lib/_stream_writable.js:428:64)
    at writeOrBuffer (/usr/local/lib/node_modules/firebase-tools/node_modules/winston-transport/node_modules/readable-stream/lib/_stream_writable.js:417:5)
    at Console.Writable.write (/usr/local/lib/node_modules/firebase-tools/node_modules/winston-transport/node_modules/readable-stream/lib/_stream_writable.js:334:11)
    at DerivedLogger.ondata (/usr/local/lib/node_modules/firebase-tools/node_modules/readable-stream/lib/_stream_readable.js:681:20)
    at DerivedLogger.emit (node:events:525:35)
    at DerivedLogger.emit (node:domain:489:12)
    at addChunk (/usr/local/lib/node_modules/firebase-tools/node_modules/readable-stream/lib/_stream_readable.js:298:12)
[error] 
[error] Error: An unexpected error has occurred.
[debug] [2022-10-04T17:42:37.466Z] Error: write EIO
    at afterWriteDispatched (node:internal/stream_base_commons:160:15)
    at writeGeneric (node:internal/stream_base_commons:151:3)
    at WriteStream.Socket._writeGeneric (node:net:874:11)
    at WriteStream.Socket._write (node:net:886:8)
    at writeOrBuffer (node:internal/streams/writable:391:12)
    at _write (node:internal/streams/writable:332:10)
    at WriteStream.Writable.write (node:internal/streams/writable:336:10)
    at Console.log (/usr/local/lib/node_modules/firebase-tools/node_modules/winston/lib/winston/transports/console.js:79:23)
    at Console._write (/usr/local/lib/node_modules/firebase-tools/node_modules/winston-transport/index.js:103:17)
    at doWrite (/usr/local/lib/node_modules/firebase-tools/node_modules/winston-transport/node_modules/readable-stream/lib/_stream_writable.js:428:64)
    at writeOrBuffer (/usr/local/lib/node_modules/firebase-tools/node_modules/winston-transport/node_modules/readable-stream/lib/_stream_writable.js:417:5)
    at Console.Writable.write (/usr/local/lib/node_modules/firebase-tools/node_modules/winston-transport/node_modules/readable-stream/lib/_stream_writable.js:334:11)
    at DerivedLogger.ondata (/usr/local/lib/node_modules/firebase-tools/node_modules/readable-stream/lib/_stream_readable.js:681:20)
    at DerivedLogger.emit (node:events:525:35)
    at DerivedLogger.emit (node:domain:489:12)
    at addChunk (/usr/local/lib/node_modules/firebase-tools/node_modules/readable-stream/lib/_stream_readable.js:298:12)
[error] 
[error] Error: An unexpected error has occurred.
[debug] [2022-10-04T17:42:37.475Z] Error: write EIO
    at afterWriteDispatched (node:internal/stream_base_commons:160:15)
    at writeGeneric (node:internal/stream_base_commons:151:3)
    at WriteStream.Socket._writeGeneric (node:net:874:11)
    at WriteStream.Socket._write (node:net:886:8)
    at writeOrBuffer (node:internal/streams/writable:391:12)
    at _write (node:internal/streams/writable:332:10)
    at WriteStream.Writable.write (node:internal/streams/writable:336:10)
    at Console.log (/usr/local/lib/node_modules/firebase-tools/node_modules/winston/lib/winston/transports/console.js:79:23)
    at Console._write (/usr/local/lib/node_modules/firebase-tools/node_modules/winston-transport/index.js:103:17)
    at doWrite (/usr/local/lib/node_modules/firebase-tools/node_modules/winston-transport/node_modules/readable-stream/lib/_stream_writable.js:428:64)
    at writeOrBuffer (/usr/local/lib/node_modules/firebase-tools/node_modules/winston-transport/node_modules/readable-stream/lib/_stream_writable.js:417:5)
    at Console.Writable.write (/usr/local/lib/node_modules/firebase-tools/node_modules/winston-transport/node_modules/readable-stream/lib/_stream_writable.js:334:11)
    at DerivedLogger.ondata (/usr/local/lib/node_modules/firebase-tools/node_modules/readable-stream/lib/_stream_readable.js:681:20)
    at DerivedLogger.emit (node:events:525:35)
    at DerivedLogger.emit (node:domain:489:12)
    at addChunk (/usr/local/lib/node_modules/firebase-tools/node_modules/readable-stream/lib/_stream_readable.js:298:12)
[error] 
[error] Error: An unexpected error has occurred.
[debug] [2022-10-04T17:42:37.488Z] Error: write EIO
    at afterWriteDispatched (node:internal/stream_base_commons:160:15)
    at writeGeneric (node:internal/stream_base_commons:151:3)
    at WriteStream.Socket._writeGeneric (node:net:874:11)
    at WriteStream.Socket._write (node:net:886:8)
    at writeOrBuffer (node:internal/streams/writable:391:12)
    at _write (node:internal/streams/writable:332:10)
    at WriteStream.Writable.write (node:internal/streams/writable:336:10)
    at Console.log (/usr/local/lib/node_modules/firebase-tools/node_modules/winston/lib/winston/transports/console.js:79:23)
    at Console._write (/usr/local/lib/node_modules/firebase-tools/node_modules/winston-transport/index.js:103:17)
    at doWrite (/usr/local/lib/node_modules/firebase-tools/node_modules/winston-transport/node_modules/readable-stream/lib/_stream_writable.js:428:64)
    at writeOrBuffer (/usr/local/lib/node_modules/firebase-tools/node_modules/winston-transport/node_modules/readable-stream/lib/_stream_writable.js:417:5)
    at Console.Writable.write (/usr/local/lib/node_modules/firebase-tools/node_modules/winston-transport/node_modules/readable-stream/lib/_stream_writable.js:334:11)
    at DerivedLogger.ondata (/usr/local/lib/node_modules/firebase-tools/node_modules/readable-stream/lib/_stream_readable.js:681:20)
    at DerivedLogger.emit (node:events:525:35)
    at DerivedLogger.emit (node:domain:489:12)
    at addChunk (/usr/local/lib/node_modules/firebase-tools/node_modules/readable-stream/lib/_stream_readable.js:298:12)
[error] 
[error] Error: An unexpected error has occurred.
[debug] [2022-10-04T17:42:37.493Z] Error: write EIO
    at afterWriteDispatched (node:internal/stream_base_commons:160:15)
    at writeGeneric (node:internal/stream_base_commons:151:3)
    at WriteStream.Socket._writeGeneric (node:net:874:11)
    at WriteStream.Socket._write (node:net:886:8)
    at writeOrBuffer (node:internal/streams/writable:391:12)
    at _write (node:internal/streams/writable:332:10)
    at WriteStream.Writable.write (node:internal/streams/writable:336:10)
    at Console.log (/usr/local/lib/node_modules/firebase-tools/node_modules/winston/lib/winston/transports/console.js:79:23)
    at Console._write (/usr/local/lib/node_modules/firebase-tools/node_modules/winston-transport/index.js:103:17)
    at doWrite (/usr/local/lib/node_modules/firebase-tools/node_modules/winston-transport/node_modules/readable-stream/lib/_stream_writable.js:428:64)
    at writeOrBuffer (/usr/local/lib/node_modules/firebase-tools/node_modules/winston-transport/node_modules/readable-stream/lib/_stream_writable.js:417:5)
    at Console.Writable.write (/usr/local/lib/node_modules/firebase-tools/node_modules/winston-transport/node_modules/readable-stream/lib/_stream_writable.js:334:11)
    at DerivedLogger.ondata (/usr/local/lib/node_modules/firebase-tools/node_modules/readable-stream/lib/_stream_readable.js:681:20)
    at DerivedLogger.emit (node:events:525:35)
    at DerivedLogger.emit (node:domain:489:12)
    at addChunk (/usr/local/lib/node_modules/firebase-tools/node_modules/readable-stream/lib/_stream_readable.js:298:12)
[error] 
[error] Error: An unexpected error has occurred.
[debug] [2022-10-04T17:42:37.498Z] Error: write EIO
    at afterWriteDispatched (node:internal/stream_base_commons:160:15)
    at writeGeneric (node:internal/stream_base_commons:151:3)
    at WriteStream.Socket._writeGeneric (node:net:874:11)
    at WriteStream.Socket._write (node:net:886:8)
    at writeOrBuffer (node:internal/streams/writable:391:12)
    at _write (node:internal/streams/writable:332:10)
    at WriteStream.Writable.write (node:internal/streams/writable:336:10)
    at Console.log (/usr/local/lib/node_modules/firebase-tools/node_modules/winston/lib/winston/transports/console.js:79:23)
    at Console._write (/usr/local/lib/node_modules/firebase-tools/node_modules/winston-transport/index.js:103:17)
    at doWrite (/usr/local/lib/node_modules/firebase-tools/node_modules/winston-transport/node_modules/readable-stream/lib/_stream_writable.js:428:64)
    at writeOrBuffer (/usr/local/lib/node_modules/firebase-tools/node_modules/winston-transport/node_modules/readable-stream/lib/_stream_writable.js:417:5)
    at Console.Writable.write (/usr/local/lib/node_modules/firebase-tools/node_modules/winston-transport/node_modules/readable-stream/lib/_stream_writable.js:334:11)
    at DerivedLogger.ondata (/usr/local/lib/node_modules/firebase-tools/node_modules/readable-stream/lib/_stream_readable.js:681:20)
    at DerivedLogger.emit (node:events:525:35)
    at DerivedLogger.emit (node:domain:489:12)
    at addChunk (/usr/local/lib/node_modules/firebase-tools/node_modules/readable-stream/lib/_stream_readable.js:298:12)
[error] 
[error] Error: An unexpected error has occurred.
[debug] [2022-10-04T17:42:37.503Z] Error: write EIO
    at afterWriteDispatched (node:internal/stream_base_commons:160:15)
    at writeGeneric (node:internal/stream_base_commons:151:3)
    at WriteStream.Socket._writeGeneric (node:net:874:11)
    at WriteStream.Socket._write (node:net:886:8)
    at writeOrBuffer (node:internal/streams/writable:391:12)
    at _write (node:internal/streams/writable:332:10)
    at WriteStream.Writable.write (node:internal/streams/writable:336:10)
    at Console.log (/usr/local/lib/node_modules/firebase-tools/node_modules/winston/lib/winston/transports/console.js:79:23)
    at Console._write (/usr/local/lib/node_modules/firebase-tools/node_modules/winston-transport/index.js:103:17)
    at doWrite (/usr/local/lib/node_modules/firebase-tools/node_modules/winston-transport/node_modules/readable-stream/lib/_stream_writable.js:428:64)
    at writeOrBuffer (/usr/local/lib/node_modules/firebase-tools/node_modules/winston-transport/node_modules/readable-stream/lib/_stream_writable.js:417:5)
    at Console.Writable.write (/usr/local/lib/node_modules/firebase-tools/node_modules/winston-transport/node_modules/readable-stream/lib/_stream_writable.js:334:11)
    at DerivedLogger.ondata (/usr/local/lib/node_modules/firebase-tools/node_modules/readable-stream/lib/_stream_readable.js:681:20)
    at DerivedLogger.emit (node:events:525:35)
    at DerivedLogger.emit (node:domain:489:12)
    at addChunk (/usr/local/lib/node_modules/firebase-tools/node_modules/readable-stream/lib/_stream_readable.js:298:12)
[error] 
[error] Error: An unexpected error has occurred.
[debug] [2022-10-04T17:42:37.509Z] Error: write EIO
    at afterWriteDispatched (node:internal/stream_base_commons:160:15)
    at writeGeneric (node:internal/stream_base_commons:151:3)
    at WriteStream.Socket._writeGeneric (node:net:874:11)
    at WriteStream.Socket._write (node:net:886:8)
    at writeOrBuffer (node:internal/streams/writable:391:12)
    at _write (node:internal/streams/writable:332:10)
    at WriteStream.Writable.write (node:internal/streams/writable:336:10)
    at Console.log (/usr/local/lib/node_modules/firebase-tools/node_modules/winston/lib/winston/transports/console.js:79:23)
    at Console._write (/usr/local/lib/node_modules/firebase-tools/node_modules/winston-transport/index.js:103:17)
    at doWrite (/usr/local/lib/node_modules/firebase-tools/node_modules/winston-transport/node_modules/readable-stream/lib/_stream_writable.js:428:64)
    at writeOrBuffer (/usr/local/lib/node_modules/firebase-tools/node_modules/winston-transport/node_modules/readable-stream/lib/_stream_writable.js:417:5)
    at Console.Writable.write (/usr/local/lib/node_modules/firebase-tools/node_modules/winston-transport/node_modules/readable-stream/lib/_stream_writable.js:334:11)
    at DerivedLogger.ondata (/usr/local/lib/node_modules/firebase-tools/node_modules/readable-stream/lib/_stream_readable.js:681:20)
    at DerivedLogger.emit (node:events:525:35)
    at DerivedLogger.emit (node:domain:489:12)
    at addChunk (/usr/local/lib/node_modules/firebase-tools/node_modules/readable-stream/lib/_stream_readable.js:298:12)
[error] 
[error] Error: An unexpected error has occurred.
[debug] [2022-10-04T17:42:37.523Z] Error: write EIO
    at afterWriteDispatched (node:internal/stream_base_commons:160:15)
    at writeGeneric (node:internal/stream_base_commons:151:3)
    at WriteStream.Socket._writeGeneric (node:net:874:11)
    at WriteStream.Socket._write (node:net:886:8)
    at writeOrBuffer (node:internal/streams/writable:391:12)
    at _write (node:internal/streams/writable:332:10)
    at WriteStream.Writable.write (node:internal/streams/writable:336:10)
    at Console.log (/usr/local/lib/node_modules/firebase-tools/node_modules/winston/lib/winston/transports/console.js:79:23)
    at Console._write (/usr/local/lib/node_modules/firebase-tools/node_modules/winston-transport/index.js:103:17)
    at doWrite (/usr/local/lib/node_modules/firebase-tools/node_modules/winston-transport/node_modules/readable-stream/lib/_stream_writable.js:428:64)
    at writeOrBuffer (/usr/local/lib/node_modules/firebase-tools/node_modules/winston-transport/node_modules/readable-stream/lib/_stream_writable.js:417:5)
    at Console.Writable.write (/usr/local/lib/node_modules/firebase-tools/node_modules/winston-transport/node_modules/readable-stream/lib/_stream_writable.js:334:11)
    at DerivedLogger.ondata (/usr/local/lib/node_modules/firebase-tools/node_modules/readable-stream/lib/_stream_readable.js:681:20)
    at DerivedLogger.emit (node:events:525:35)
    at DerivedLogger.emit (node:domain:489:12)
    at addChunk (/usr/local/lib/node_modules/firebase-tools/node_modules/readable-stream/lib/_stream_readable.js:298:12)
[error] 
[error] Error: An unexpected error has occurred.
[debug] [2022-10-04T17:42:37.602Z] Error: write EIO
    at afterWriteDispatched (node:internal/stream_base_commons:160:15)
    at writeGeneric (node:internal/stream_base_commons:151:3)
    at WriteStream.Socket._writeGeneric (node:net:874:11)
    at WriteStream.Socket._write (node:net:886:8)
    at writeOrBuffer (node:internal/streams/writable:391:12)
    at _write (node:internal/streams/writable:332:10)
    at WriteStream.Writable.write (node:internal/streams/writable:336:10)
    at Console.log (/usr/local/lib/node_modules/firebase-tools/node_modules/winston/lib/winston/transports/console.js:79:23)
    at Console._write (/usr/local/lib/node_modules/firebase-tools/node_modules/winston-transport/index.js:103:17)
    at doWrite (/usr/local/lib/node_modules/firebase-tools/node_modules/winston-transport/node_modules/readable-stream/lib/_stream_writable.js:428:64)
    at writeOrBuffer (/usr/local/lib/node_modules/firebase-tools/node_modules/winston-transport/node_modules/readable-stream/lib/_stream_writable.js:417:5)
    at Console.Writable.write (/usr/local/lib/node_modules/firebase-tools/node_modules/winston-transport/node_modules/readable-stream/lib/_stream_writable.js:334:11)
    at DerivedLogger.ondata (/usr/local/lib/node_modules/firebase-tools/node_modules/readable-stream/lib/_stream_readable.js:681:20)
    at DerivedLogger.emit (node:events:525:35)
    at DerivedLogger.emit (node:domain:489:12)
    at addChunk (/usr/local/lib/node_modules/firebase-tools/node_modules/readable-stream/lib/_stream_readable.js:298:12)
[debug] [2022-10-05T12:39:10.750Z] ----------------------------------------------------------------------
[debug] [2022-10-05T12:39:10.753Z] Command:       /home/pariah/.nvm/versions/node/v16.17.1/bin/node /usr/local/bin/firebase emulators:start --only functions
[debug] [2022-10-05T12:39:10.753Z] CLI Version:   11.11.0
[debug] [2022-10-05T12:39:10.753Z] Platform:      linux
[debug] [2022-10-05T12:39:10.754Z] Node Version:  v16.17.1
[debug] [2022-10-05T12:39:10.763Z] Time:          Wed Oct 05 2022 14:39:10 GMT+0200 (South Africa Standard Time)
[debug] [2022-10-05T12:39:10.764Z] ----------------------------------------------------------------------
[debug] 
[debug] [2022-10-05T12:39:10.768Z] >>> [apiv2][query] GET https://firebase-public.firebaseio.com/cli.json [none]
[debug] [2022-10-05T12:39:10.856Z] > command requires scopes: ["email","openid","https://www.googleapis.com/auth/cloudplatformprojects.readonly","https://www.googleapis.com/auth/firebase","https://www.googleapis.com/auth/cloud-platform"]
[debug] [2022-10-05T12:39:10.857Z] > authorizing via signed-in user (swagammunition@gmail.com)
[info] i  emulators: Starting emulators: functions {"metadata":{"emulator":{"name":"hub"},"message":"Starting emulators: functions"}}
[warn] ⚠  emulators: It seems that you are running multiple instances of the emulator suite for project meals-to-go-cd149. This may result in unexpected behavior. 
[debug] [2022-10-05T12:39:10.880Z] [hub] writing locator at /tmp/hub-meals-to-go-cd149.json
[warn] ⚠  functions: The following emulators are not running, calls to these services from the Functions emulator will affect production: auth, firestore, database, hosting, pubsub, storage, eventarc {"metadata":{"emulator":{"name":"functions"},"message":"The following emulators are not running, calls to these services from the Functions emulator will affect production: \u001b[1mauth, firestore, database, hosting, pubsub, storage, eventarc\u001b[22m"}}
[info] ✔  functions: Using node@16 from host. {"metadata":{"emulator":{"name":"functions"},"message":"Using node@16 from host."}}
[debug] [2022-10-05T12:39:10.940Z] defaultcredentials: writing to file /home/pariah/.config/firebase/swagammunition_gmail_com_application_default_credentials.json
[debug] [2022-10-05T12:39:10.943Z] Setting GAC to /home/pariah/.config/firebase/swagammunition_gmail_com_application_default_credentials.json {"metadata":{"emulator":{"name":"functions"},"message":"Setting GAC to /home/pariah/.config/firebase/swagammunition_gmail_com_application_default_credentials.json"}}
[debug] [2022-10-05T12:39:10.948Z] > refreshing access token with scopes: []
[debug] [2022-10-05T12:39:10.950Z] >>> [apiv2][query] POST https://www.googleapis.com/oauth2/v3/token [none]
[debug] [2022-10-05T12:39:10.950Z] >>> [apiv2][body] POST https://www.googleapis.com/oauth2/v3/token [omitted]
[debug] [2022-10-05T12:39:11.640Z] <<< [apiv2][status] POST https://www.googleapis.com/oauth2/v3/token 200
[debug] [2022-10-05T12:39:11.640Z] <<< [apiv2][body] POST https://www.googleapis.com/oauth2/v3/token [omitted]
[debug] [2022-10-05T12:39:11.794Z] >>> [apiv2][query] GET https://firebase.googleapis.com/v1beta1/projects/meals-to-go-cd149/adminSdkConfig [none]
[debug] [2022-10-05T12:39:11.799Z] <<< [apiv2][status] GET https://firebase-public.firebaseio.com/cli.json 200
[debug] [2022-10-05T12:39:11.800Z] <<< [apiv2][body] GET https://firebase-public.firebaseio.com/cli.json {"cloudBuildErrorAfter":1594252800000,"cloudBuildWarnAfter":1590019200000,"defaultNode10After":1594252800000,"minVersion":"3.0.5","node8DeploysDisabledAfter":1613390400000,"node8RuntimeDisabledAfter":1615809600000,"node8WarnAfter":1600128000000}
[debug] [2022-10-05T12:39:12.441Z] <<< [apiv2][status] GET https://firebase.googleapis.com/v1beta1/projects/meals-to-go-cd149/adminSdkConfig 200
[debug] [2022-10-05T12:39:12.444Z] <<< [apiv2][body] GET https://firebase.googleapis.com/v1beta1/projects/meals-to-go-cd149/adminSdkConfig {"projectId":"meals-to-go-cd149","storageBucket":"meals-to-go-cd149.appspot.com"}
[debug] [2022-10-05T12:39:12.479Z] Ignoring unsupported arg: auto_download {"metadata":{"emulator":{"name":"ui"},"message":"Ignoring unsupported arg: auto_download"}}
[debug] [2022-10-05T12:39:12.480Z] Ignoring unsupported arg: port {"metadata":{"emulator":{"name":"ui"},"message":"Ignoring unsupported arg: port"}}
[debug] [2022-10-05T12:39:12.480Z] Starting Emulator UI with command {"binary":"node","args":["/home/pariah/.cache/firebase/emulators/ui-v1.9.0/server/server.js"],"optionalArgs":[],"joinArgs":false} {"metadata":{"emulator":{"name":"ui"},"message":"Starting Emulator UI with command {\"binary\":\"node\",\"args\":[\"/home/pariah/.cache/firebase/emulators/ui-v1.9.0/server/server.js\"],\"optionalArgs\":[],\"joinArgs\":false}"}}
[info] i  ui: Emulator UI logging to ui-debug.log {"metadata":{"emulator":{"name":"ui"},"message":"Emulator UI logging to \u001b[1mui-debug.log\u001b[22m"}}
[debug] [2022-10-05T12:39:12.616Z] Web / API server started at 127.0.0.1:4000
 {"metadata":{"emulator":{"name":"ui"},"message":"Web / API server started at 127.0.0.1:4000\n"}}
[info] i  functions: Watching "/home/pariah/projects/MealsToGo/functions" for Cloud Functions... {"metadata":{"emulator":{"name":"functions"},"message":"Watching \"/home/pariah/projects/MealsToGo/functions\" for Cloud Functions..."}}
[debug] [2022-10-05T12:39:12.753Z] Validating nodejs source
[debug] [2022-10-05T12:39:14.386Z] > [functions] package.json contents: {
  "name": "functions",
  "description": "Cloud Functions for Firebase",
  "scripts": {
    "serve": "firebase emulators:start --only functions",
    "shell": "firebase functions:shell",
    "start": "npm run shell",
    "deploy": "firebase deploy --only functions",
    "logs": "firebase functions:log"
  },
  "engines": {
    "node": "16"
  },
  "main": "index.js",
  "dependencies": {
    "@googlemaps/google-maps-services-js": "^3.3.16",
    "firebase-admin": "^10.0.2",
    "firebase-functions": "^3.24.1"
  },
  "devDependencies": {
    "firebase-functions-test": "^0.2.0"
  },
  "private": true
}
[debug] [2022-10-05T12:39:14.386Z] Building nodejs source
[debug] [2022-10-05T12:39:14.386Z] Analyzing nodejs backend spec
[debug] [2022-10-05T12:39:14.388Z] Could not find functions.yaml. Must use http discovery
[debug] [2022-10-05T12:39:14.691Z] Serving at port 9005

[debug] [2022-10-05T12:39:14.901Z] Got response from /__/functions.yaml {"endpoints":{"geocode":{"platform":"gcfv1","httpsTrigger":{},"entryPoint":"geocode"},"nearbyPlaces":{"platform":"gcfv1","httpsTrigger":{},"entryPoint":"nearbyPlaces"}},"specVersion":"v1alpha1","requiredAPIs":[]}
[debug] [2022-10-05T12:39:14.916Z] shutdown requested via /__/quitquitquit

[info] ✔  functions: Loaded functions definitions from source: geocode, nearbyPlaces. {"metadata":{"emulator":{"name":"functions"},"message":"Loaded functions definitions from source: geocode, nearbyPlaces."}}
[info] ✔  functions[us-central1-geocode]: http function initialized (http://127.0.0.1:5001/meals-to-go-cd149/us-central1/geocode). {"metadata":{"emulator":{"name":"functions"},"message":"\u001b[1mhttp\u001b[22m function initialized (http://127.0.0.1:5001/meals-to-go-cd149/us-central1/geocode)."}}
[info] ✔  functions[us-central1-nearbyPlaces]: http function initialized (http://127.0.0.1:5001/meals-to-go-cd149/us-central1/nearbyPlaces). {"metadata":{"emulator":{"name":"functions"},"message":"\u001b[1mhttp\u001b[22m function initialized (http://127.0.0.1:5001/meals-to-go-cd149/us-central1/nearbyPlaces)."}}
[info] 
┌─────────────────────────────────────────────────────────────┐
│ ✔  All emulators ready! It is now safe to connect your app. │
│ i  View Emulator UI at http://127.0.0.1:4000                │
└─────────────────────────────────────────────────────────────┘

┌───────────┬────────────────┬─────────────────────────────────┐
│ Emulator  │ Host:Port      │ View in Emulator UI             │
├───────────┼────────────────┼─────────────────────────────────┤
│ Functions │ 127.0.0.1:5001 │ http://127.0.0.1:4000/functions │
└───────────┴────────────────┴─────────────────────────────────┘
  Emulator Hub running at 127.0.0.1:4400
  Other reserved ports: 4500

Issues? Report them at https://github.com/firebase/firebase-tools/issues and attach the *-debug.log files.
 
[warn] ⚠  Emulator UI has exited upon receiving signal: SIGTERM 
